# JRE version: Java(TM) SE Runtime Environment (8.0_60-b27) (build 1.8.0_60-b27)
# Java VM: Java HotSpot(TM) 64-Bit Server VM (25.60-b23 mixed mode windows-amd64 compressed oops)
Heap:
 PSYoungGen      total 176640K, used 171413K [0x00000000eab00000, 0x00000000f7780000, 0x0000000100000000)
  eden space 148992K, 100% used [0x00000000eab00000,0x00000000f3c80000,0x00000000f3c80000)
  from space 27648K, 81% used [0x00000000f5a00000,0x00000000f6fe5690,0x00000000f7500000)
  to   space 30208K, 0% used [0x00000000f3c80000,0x00000000f3c80000,0x00000000f5a00000)
 ParOldGen       total 220672K, used 44220K [0x00000000c0000000, 0x00000000cd780000, 0x00000000eab00000)
  object space 220672K, 20% used [0x00000000c0000000,0x00000000c2b2f368,0x00000000cd780000)
 Metaspace       used 51308K, capacity 53512K, committed 53632K, reserved 1095680K
  class space    used 6959K, capacity 7518K, committed 7552K, reserved 1048576K
GC Heap History (10 events):
Event: 40.145 GC heap after
Heap after GC invocations=11 (full 2):
 PSYoungGen      total 140800K, used 18915K [0x00000000eab00000, 0x00000000f6200000, 0x0000000100000000)
  eden space 121856K, 0% used [0x00000000eab00000,0x00000000eab00000,0x00000000f2200000)
  from space 18944K, 99% used [0x00000000f2200000,0x00000000f3478f38,0x00000000f3480000)
  to   space 23552K, 0% used [0x00000000f4b00000,0x00000000f4b00000,0x00000000f6200000)
 ParOldGen       total 220672K, used 23363K [0x00000000c0000000, 0x00000000cd780000, 0x00000000eab00000)
  object space 220672K, 10% used [0x00000000c0000000,0x00000000c16d0fe0,0x00000000cd780000)
 Metaspace       used 44099K, capacity 45156K, committed 45440K, reserved 1089536K
  class space    used 5921K, capacity 6180K, committed 6272K, reserved 1048576K
}
Event: 42.565 GC heap before
{Heap before GC invocations=12 (full 2):
 PSYoungGen      total 140800K, used 135712K [0x00000000eab00000, 0x00000000f6200000, 0x0000000100000000)
  eden space 121856K, 95% used [0x00000000eab00000,0x00000000f1d0f488,0x00000000f2200000)
  from space 18944K, 99% used [0x00000000f2200000,0x00000000f3478f38,0x00000000f3480000)
  to   space 23552K, 0% used [0x00000000f4b00000,0x00000000f4b00000,0x00000000f6200000)
 ParOldGen       total 220672K, used 23363K [0x00000000c0000000, 0x00000000cd780000, 0x00000000eab00000)
  object space 220672K, 10% used [0x00000000c0000000,0x00000000c16d0fe0,0x00000000cd780000)
 Metaspace       used 47272K, capacity 49032K, committed 49280K, reserved 1091584K
  class space    used 6464K, capacity 6944K, committed 7040K, reserved 1048576K
Event: 42.596 GC heap after
Heap after GC invocations=12 (full 2):
 PSYoungGen      total 158720K, used 23546K [0x00000000eab00000, 0x00000000f6c00000, 0x0000000100000000)
  eden space 135168K, 0% used [0x00000000eab00000,0x00000000eab00000,0x00000000f2f00000)
  from space 23552K, 99% used [0x00000000f4b00000,0x00000000f61fe918,0x00000000f6200000)
  to   space 28672K, 0% used [0x00000000f2f00000,0x00000000f2f00000,0x00000000f4b00000)
 ParOldGen       total 220672K, used 28235K [0x00000000c0000000, 0x00000000cd780000, 0x00000000eab00000)
  object space 220672K, 12% used [0x00000000c0000000,0x00000000c1b92fe8,0x00000000cd780000)
 Metaspace       used 47272K, capacity 49032K, committed 49280K, reserved 1091584K
  class space    used 6464K, capacity 6944K, committed 7040K, reserved 1048576K
}
Event: 42.596 GC heap before
{Heap before GC invocations=13 (full 3):
 PSYoungGen      total 158720K, used 23546K [0x00000000eab00000, 0x00000000f6c00000, 0x0000000100000000)
  eden space 135168K, 0% used [0x00000000eab00000,0x00000000eab00000,0x00000000f2f00000)
  from space 23552K, 99% used [0x00000000f4b00000,0x00000000f61fe918,0x00000000f6200000)
  to   space 28672K, 0% used [0x00000000f2f00000,0x00000000f2f00000,0x00000000f4b00000)
 ParOldGen       total 220672K, used 28235K [0x00000000c0000000, 0x00000000cd780000, 0x00000000eab00000)
  object space 220672K, 12% used [0x00000000c0000000,0x00000000c1b92fe8,0x00000000cd780000)
 Metaspace       used 47272K, capacity 49032K, committed 49280K, reserved 1091584K
  class space    used 6464K, capacity 6944K, committed 7040K, reserved 1048576K
Event: 42.974 GC heap after
Heap after GC invocations=13 (full 3):
 PSYoungGen      total 158720K, used 0K [0x00000000eab00000, 0x00000000f6c00000, 0x0000000100000000)
  eden space 135168K, 0% used [0x00000000eab00000,0x00000000eab00000,0x00000000f2f00000)
  from space 23552K, 0% used [0x00000000f4b00000,0x00000000f4b00000,0x00000000f6200000)
  to   space 28672K, 0% used [0x00000000f2f00000,0x00000000f2f00000,0x00000000f4b00000)
 ParOldGen       total 220672K, used 44204K [0x00000000c0000000, 0x00000000cd780000, 0x00000000eab00000)
  object space 220672K, 20% used [0x00000000c0000000,0x00000000c2b2b368,0x00000000cd780000)
 Metaspace       used 47272K, capacity 49032K, committed 49280K, reserved 1091584K
  class space    used 6464K, capacity 6944K, committed 7040K, reserved 1048576K
}
Event: 68.642 GC heap before
{Heap before GC invocations=14 (full 3):
 PSYoungGen      total 158720K, used 135168K [0x00000000eab00000, 0x00000000f6c00000, 0x0000000100000000)
  eden space 135168K, 100% used [0x00000000eab00000,0x00000000f2f00000,0x00000000f2f00000)
  from space 23552K, 0% used [0x00000000f4b00000,0x00000000f4b00000,0x00000000f6200000)
  to   space 28672K, 0% used [0x00000000f2f00000,0x00000000f2f00000,0x00000000f4b00000)
 ParOldGen       total 220672K, used 44204K [0x00000000c0000000, 0x00000000cd780000, 0x00000000eab00000)
  object space 220672K, 20% used [0x00000000c0000000,0x00000000c2b2b368,0x00000000cd780000)
 Metaspace       used 47958K, capacity 49946K, committed 50048K, reserved 1091584K
  class space    used 6501K, capacity 6992K, committed 7040K, reserved 1048576K
Event: 68.649 GC heap after
Heap after GC invocations=14 (full 3):
 PSYoungGen      total 163840K, used 8168K [0x00000000eab00000, 0x00000000f7500000, 0x0000000100000000)
  eden space 135168K, 0% used [0x00000000eab00000,0x00000000eab00000,0x00000000f2f00000)
  from space 28672K, 28% used [0x00000000f2f00000,0x00000000f36fa2f8,0x00000000f4b00000)
  to   space 27648K, 0% used [0x00000000f5a00000,0x00000000f5a00000,0x00000000f7500000)
 ParOldGen       total 220672K, used 44212K [0x00000000c0000000, 0x00000000cd780000, 0x00000000eab00000)
  object space 220672K, 20% used [0x00000000c0000000,0x00000000c2b2d368,0x00000000cd780000)
 Metaspace       used 47958K, capacity 49946K, committed 50048K, reserved 1091584K
  class space    used 6501K, capacity 6992K, committed 7040K, reserved 1048576K
}
Event: 78.268 GC heap before
{Heap before GC invocations=15 (full 3):
 PSYoungGen      total 163840K, used 143336K [0x00000000eab00000, 0x00000000f7500000, 0x0000000100000000)
  eden space 135168K, 100% used [0x00000000eab00000,0x00000000f2f00000,0x00000000f2f00000)
  from space 28672K, 28% used [0x00000000f2f00000,0x00000000f36fa2f8,0x00000000f4b00000)
  to   space 27648K, 0% used [0x00000000f5a00000,0x00000000f5a00000,0x00000000f7500000)
 ParOldGen       total 220672K, used 44212K [0x00000000c0000000, 0x00000000cd780000, 0x00000000eab00000)
  object space 220672K, 20% used [0x00000000c0000000,0x00000000c2b2d368,0x00000000cd780000)
 Metaspace       used 49918K, capacity 52048K, committed 52224K, reserved 1093632K
  class space    used 6787K, capacity 7341K, committed 7424K, reserved 1048576K
Event: 78.281 GC heap after
Heap after GC invocations=15 (full 3):
 PSYoungGen      total 176640K, used 22421K [0x00000000eab00000, 0x00000000f7780000, 0x0000000100000000)
  eden space 148992K, 0% used [0x00000000eab00000,0x00000000eab00000,0x00000000f3c80000)
  from space 27648K, 81% used [0x00000000f5a00000,0x00000000f6fe5690,0x00000000f7500000)
  to   space 30208K, 0% used [0x00000000f3c80000,0x00000000f3c80000,0x00000000f5a00000)
 ParOldGen       total 220672K, used 44220K [0x00000000c0000000, 0x00000000cd780000, 0x00000000eab00000)
  object space 220672K, 20% used [0x00000000c0000000,0x00000000c2b2f368,0x00000000cd780000)
 Metaspace       used 49918K, capacity 52048K, committed 52224K, reserved 1093632K
  class space    used 6787K, capacity 7341K, committed 7424K, reserved 1048576K
}
Event: 5279.845 GC heap before
{Heap before GC invocations=16 (full 3):
 PSYoungGen      total 176640K, used 171413K [0x00000000eab00000, 0x00000000f7780000, 0x0000000100000000)
  eden space 148992K, 100% used [0x00000000eab00000,0x00000000f3c80000,0x00000000f3c80000)
  from space 27648K, 81% used [0x00000000f5a00000,0x00000000f6fe5690,0x00000000f7500000)
  to   space 30208K, 0% used [0x00000000f3c80000,0x00000000f3c80000,0x00000000f5a00000)
 ParOldGen       total 220672K, used 44220K [0x00000000c0000000, 0x00000000cd780000, 0x00000000eab00000)
  object space 220672K, 20% used [0x00000000c0000000,0x00000000c2b2f368,0x00000000cd780000)
 Metaspace       used 51308K, capacity 53512K, committed 53632K, reserved 1095680K
  class space    used 6959K, capacity 7518K, committed 7552K, reserved 1048576K

